<?xml version="1.0" encoding="UTF-8"?>
<!-- Generated by org.testng.reporters.JUnitReportReporter -->
<testsuite hostname="DESKTOP-U3SLV3D" failures="0" tests="2" name="tests.HomeTests" time="7.761" errors="0" timestamp="2022-11-27T17:41:37 EET" skipped="0">
  <testcase classname="tests.HomeTests" name="Registeration" time="6.524"/>
  <system-out/>
  <testcase classname="tests.HomeTests" name="clickregister" time="1.237"/>
  <system-out/>
</testsuite> <!-- tests.HomeTests -->
