<?xml version="1.0" encoding="UTF-8"?>
<!-- Generated by org.testng.reporters.JUnitReportReporter -->
<testsuite hostname="DESKTOP-U3SLV3D" failures="0" tests="7" name="tests.RegisterationTests" time="5.386" errors="0" timestamp="2022-11-28T15:37:36 EET" skipped="0">
  <testcase classname="tests.RegisterationTests" name="UserChooseGender" time="0.496"/>
  <system-out/>
  <testcase classname="tests.RegisterationTests" name="fillFirstnam_lastName" time="0.675"/>
  <system-out/>
  <testcase classname="tests.RegisterationTests" name="selectBirthdaysBirthmonthBirthyear" time="0.992"/>
  <system-out/>
  <testcase classname="tests.RegisterationTests" name="fillemailaddress" time="0.499"/>
  <system-out/>
  <testcase classname="tests.RegisterationTests" name="fillthecompanyname" time="0.417"/>
  <system-out/>
  <testcase classname="tests.RegisterationTests" name="fillPasswordandConfirm_password" time="0.624"/>
  <system-out/>
  <testcase classname="tests.RegisterationTests" name="clickontheregisterbutton" time="1.683"/>
  <system-out/>
</testsuite> <!-- tests.RegisterationTests -->
