<?xml version="1.0" encoding="UTF-8"?>
<!-- Generated by org.testng.reporters.JUnitReportReporter -->
<testsuite hostname="DESKTOP-U3SLV3D" failures="0" tests="2" name="tests.HomeTests" time="8.790" errors="0" timestamp="2022-11-28T15:37:36 EET" skipped="0">
  <testcase classname="tests.HomeTests" name="clickregister" time="1.398"/>
  <system-out/>
  <testcase classname="tests.HomeTests" name="Registeration" time="7.392"/>
  <system-out/>
</testsuite> <!-- tests.HomeTests -->
