<?xml version="1.0" encoding="UTF-8"?>
<!-- Generated by org.testng.reporters.JUnitReportReporter -->
<testsuite hostname="DESKTOP-U3SLV3D" failures="0" tests="1" name="tests.HomeRegisteredTests" time="1.005" errors="0" timestamp="2022-11-28T15:37:36 EET" skipped="0">
  <testcase classname="tests.HomeRegisteredTests" name="searchingforproduct" time="1.005"/>
  <system-out/>
</testsuite> <!-- tests.HomeRegisteredTests -->
