<?xml version="1.0" encoding="UTF-8"?>
<!-- Generated by org.testng.reporters.JUnitReportReporter -->
<testsuite hostname="DESKTOP-U3SLV3D" failures="0" tests="2" name="tests.ShoppingCartTests" time="1.696" errors="0" timestamp="2022-11-28T15:37:36 EET" skipped="0">
  <testcase classname="tests.ShoppingCartTests" name="AgreeToTermsOfService" time="0.196"/>
  <system-out/>
  <testcase classname="tests.ShoppingCartTests" name="ClickCheckOut" time="1.500"/>
  <system-out/>
</testsuite> <!-- tests.ShoppingCartTests -->
