<?xml version="1.0" encoding="UTF-8"?>
<!-- Generated by org.testng.reporters.JUnitReportReporter -->
<testsuite hostname="DESKTOP-U3SLV3D" failures="0" tests="2" name="tests.SearchResultsTests" time="5.863" errors="0" timestamp="2022-11-28T15:37:36 EET" skipped="0">
  <testcase classname="tests.SearchResultsTests" name="AddProductToCart" time="1.026"/>
  <system-out/>
  <testcase classname="tests.SearchResultsTests" name="OpenCart" time="4.837"/>
  <system-out/>
</testsuite> <!-- tests.SearchResultsTests -->
