<?xml version="1.0" encoding="UTF-8"?>
<!-- Generated by org.testng.reporters.JUnitReportReporter -->
<testsuite hostname="DESKTOP-U3SLV3D" failures="0" tests="7" name="tests.RegisterationTests" time="4.215" errors="0" timestamp="2022-11-27T17:41:37 EET" skipped="0">
  <testcase classname="tests.RegisterationTests" name="UserChooseGender" time="0.377"/>
  <system-out/>
  <testcase classname="tests.RegisterationTests" name="fillFirstnam_lastName" time="0.466"/>
  <system-out/>
  <testcase classname="tests.RegisterationTests" name="selectBirthdaysBirthmonthBirthyear" time="0.645"/>
  <system-out/>
  <testcase classname="tests.RegisterationTests" name="fillemailaddress" time="0.358"/>
  <system-out/>
  <testcase classname="tests.RegisterationTests" name="fillthecompanyname" time="0.307"/>
  <system-out/>
  <testcase classname="tests.RegisterationTests" name="fillPasswordandConfirm_password" time="0.465"/>
  <system-out/>
  <testcase classname="tests.RegisterationTests" name="clickontheregisterbutton" time="1.597"/>
  <system-out/>
</testsuite> <!-- tests.RegisterationTests -->
